2025-06-09 19:54:21,906 - app.data_provider - ERROR - Error fetching account info: 'NoneType' object has no attribute 'get_account'
2025-06-09 19:54:21,906 - app.data_provider - ERROR - Error fetching current positions: 'NoneType' object has no attribute 'get_all_positions'
2025-06-09 19:54:21,909 - app.data_provider - ERROR - Historical client not initialized - missing API credentials
2025-06-09 19:54:21,909 - app.data_provider - ERROR - Historical client not initialized - missing API credentials
2025-06-09 19:54:21,909 - app.data_provider - ERROR - Historical client not initialized - missing API credentials
2025-06-09 19:54:21,909 - app.data_provider - ERROR - Historical client not initialized - missing API credentials
2025-06-09 19:54:21,909 - app.strategy - WARNING - Insufficient data for AAPL
2025-06-09 19:54:21,909 - app.data_provider - ERROR - Historical client not initialized - missing API credentials
2025-06-09 19:56:44,684 - app.data_provider - ERROR - Error fetching account info: 'NoneType' object has no attribute 'get_account'
2025-06-09 19:56:44,684 - app.data_provider - ERROR - Error fetching current positions: 'NoneType' object has no attribute 'get_all_positions'
2025-06-09 19:56:44,685 - app.data_provider - ERROR - Historical client not initialized - missing API credentials
2025-06-09 19:56:44,686 - app.data_provider - ERROR - Historical client not initialized - missing API credentials
2025-06-09 19:56:44,686 - app.data_provider - ERROR - Historical client not initialized - missing API credentials
2025-06-09 19:56:44,686 - app.data_provider - ERROR - Historical client not initialized - missing API credentials
2025-06-09 19:56:44,686 - app.strategy - WARNING - Insufficient data for AAPL
2025-06-09 19:56:44,686 - app.data_provider - ERROR - Historical client not initialized - missing API credentials
2025-06-09 19:58:16,504 - app.data_provider - ERROR - Error fetching account info: 'NoneType' object has no attribute 'get_account'
2025-06-09 19:58:16,505 - app.data_provider - ERROR - Error fetching current positions: 'NoneType' object has no attribute 'get_all_positions'
2025-06-09 19:58:16,506 - app.data_provider - ERROR - Historical client not initialized - missing API credentials
2025-06-09 19:58:16,506 - app.data_provider - ERROR - Historical client not initialized - missing API credentials
2025-06-09 19:58:16,506 - app.data_provider - ERROR - Historical client not initialized - missing API credentials
2025-06-09 19:58:16,507 - app.data_provider - ERROR - Historical client not initialized - missing API credentials
2025-06-09 19:58:16,507 - app.strategy - WARNING - Insufficient data for AAPL
2025-06-09 19:58:16,507 - app.data_provider - ERROR - Historical client not initialized - missing API credentials
2025-06-09 20:14:55,533 - __main__ - INFO - ==================================================
2025-06-09 20:14:55,534 - __main__ - INFO - Trading Algorithm Starting
2025-06-09 20:14:55,534 - __main__ - INFO - Paper Trading: True
2025-06-09 20:14:55,534 - __main__ - INFO - Dry Run: True
2025-06-09 20:14:55,534 - __main__ - INFO - ==================================================
2025-06-09 20:14:55,548 - __main__ - INFO - DRY RUN MODE - No orders will be placed
2025-06-09 20:14:55,548 - __main__ - INFO - Starting trading algorithm full cycle
2025-06-09 20:14:55,839 - __main__ - INFO - Account equity: $10,000.00
2025-06-09 20:14:55,839 - __main__ - INFO - Cash available: $10,000.00
2025-06-09 20:14:55,839 - __main__ - INFO - Current positions: 0
2025-06-09 20:14:56,332 - cloud_storage - ERROR - Error listing backtest files: 404 GET https://storage.googleapis.com/storage/v1/b/your-trading-algo-bucket/o?projection=noAcl&prefix=Backtests%2F&prettyPrint=false: The specified bucket does not exist.
2025-06-09 20:14:56,333 - __main__ - INFO - Running new backtests...
2025-06-09 20:14:56,969 - data_provider - ERROR - Error getting stock universe: 'Asset' object has no attribute 'class_'
2025-06-09 20:14:56,982 - __main__ - ERROR - Failed to get stock universe
2025-06-09 20:14:56,982 - __main__ - WARNING - No backtest results available
2025-06-09 20:14:56,982 - __main__ - INFO - ==================================================
2025-06-09 20:14:56,982 - __main__ - INFO - Trading Algorithm Complete
2025-06-09 20:14:56,982 - __main__ - INFO - Result: {'status': 'no_backtest_results'}
2025-06-09 20:14:56,982 - __main__ - INFO - ==================================================
2025-06-09 20:18:23,002 - __main__ - INFO - ==================================================
2025-06-09 20:18:23,003 - __main__ - INFO - Trading Algorithm Starting
2025-06-09 20:18:23,003 - __main__ - INFO - Paper Trading: True
2025-06-09 20:18:23,003 - __main__ - INFO - Dry Run: True
2025-06-09 20:18:23,003 - __main__ - INFO - ==================================================
2025-06-09 20:18:23,017 - __main__ - INFO - DRY RUN MODE - No orders will be placed
2025-06-09 20:18:23,017 - __main__ - INFO - Starting trading algorithm full cycle
2025-06-09 20:18:23,277 - __main__ - INFO - Account equity: $10,000.00
2025-06-09 20:18:23,278 - __main__ - INFO - Cash available: $10,000.00
2025-06-09 20:18:23,278 - __main__ - INFO - Current positions: 0
2025-06-09 20:18:23,789 - __main__ - INFO - Running new backtests...
2025-06-09 20:18:24,475 - data_provider - ERROR - Error getting stock universe: 'Asset' object has no attribute 'class_'
2025-06-09 20:18:24,489 - __main__ - ERROR - Failed to get stock universe
2025-06-09 20:18:24,489 - __main__ - WARNING - No backtest results available
2025-06-09 20:18:24,489 - __main__ - INFO - ==================================================
2025-06-09 20:18:24,489 - __main__ - INFO - Trading Algorithm Complete
2025-06-09 20:18:24,489 - __main__ - INFO - Result: {'status': 'no_backtest_results'}
2025-06-09 20:18:24,489 - __main__ - INFO - ==================================================
2025-06-09 20:20:48,987 - __main__ - INFO - ==================================================
2025-06-09 20:20:48,987 - __main__ - INFO - Trading Algorithm Starting
2025-06-09 20:20:48,987 - __main__ - INFO - Paper Trading: True
2025-06-09 20:20:48,987 - __main__ - INFO - Dry Run: True
2025-06-09 20:20:48,987 - __main__ - INFO - ==================================================
2025-06-09 20:20:49,002 - __main__ - INFO - DRY RUN MODE - No orders will be placed
2025-06-09 20:20:49,002 - __main__ - INFO - Starting trading algorithm full cycle
2025-06-09 20:20:49,283 - __main__ - INFO - Account equity: $10,000.00
2025-06-09 20:20:49,284 - __main__ - INFO - Cash available: $10,000.00
2025-06-09 20:20:49,284 - __main__ - INFO - Current positions: 0
2025-06-09 20:20:49,779 - __main__ - INFO - Running new backtests...
2025-06-09 20:20:50,406 - data_provider - INFO - Found 11032 tradable stocks
2025-06-09 20:20:50,409 - data_provider - INFO - Returning universe of 10 stocks
2025-06-09 20:20:50,421 - __main__ - INFO - Running backtests for 10 symbols
2025-06-09 20:21:05,746 - __main__ - INFO - Backtest complete: 10 total results, 9 profitable
2025-06-09 20:21:06,161 - cloud_storage - INFO - Saved 9 backtest results to Backtests/backtest_results_20250609_202105.csv
2025-06-09 20:21:08,982 - trading_engine - ERROR - Error placing buy order for RDI: {"code":42210000,"message":"invalid take_profit.limit_price 1.6099999999999999. sub-penny increment does not fulfill minimum pricing criteria"}
2025-06-09 20:21:08,983 - trading_engine - INFO - Trading session complete: {'timestamp': datetime.datetime(2025, 6, 9, 20, 21, 6, 161652), 'opportunities_found': 1, 'orders_placed': 0, 'positions_exited': 0, 'errors': []}
2025-06-09 20:21:09,132 - cloud_storage - INFO - Saved metadata to Metadata/metadata_20250609_202108.json
2025-06-09 20:21:09,132 - __main__ - INFO - Trading algorithm cycle completed successfully
2025-06-09 20:21:09,133 - __main__ - INFO - ==================================================
2025-06-09 20:21:09,133 - __main__ - INFO - Trading Algorithm Complete
2025-06-09 20:21:09,133 - __main__ - INFO - Result: {'status': 'success', 'trading_summary': {'timestamp': datetime.datetime(2025, 6, 9, 20, 21, 6, 161652), 'opportunities_found': 1, 'orders_placed': 0, 'positions_exited': 0, 'errors': []}, 'backtest_count': 9, 'duration': 20.130722}
2025-06-09 20:21:09,133 - __main__ - INFO - ==================================================
